[0m20:39:53.213122 [debug] [MainThread]: Sending event: {'category': 'dbt', 'action': 'invocation', 'label': 'start', 'context': [<snowplow_tracker.self_describing_json.SelfDescribingJson object at 0x000002696AF6E240>, <snowplow_tracker.self_describing_json.SelfDescribingJson object at 0x000002696B66FC80>, <snowplow_tracker.self_describing_json.SelfDescribingJson object at 0x000002696B586390>]}


============================== 20:39:53.216244 | 7f4e0602-0232-4be3-8ab2-3cbd6748ab4d ==============================
[0m20:39:53.216244 [info ] [MainThread]: Running with dbt=1.8.5
[0m20:39:53.217245 [debug] [MainThread]: running dbt with arguments {'printer_width': '80', 'indirect_selection': 'eager', 'log_cache_events': 'False', 'write_json': 'True', 'partial_parse': 'True', 'cache_selected_only': 'False', 'warn_error': 'None', 'debug': 'False', 'fail_fast': 'False', 'log_path': 'C:\\Users\\lurch\\documents\\Projeto-Commodities\\commodities\\logs', 'version_check': 'True', 'profiles_dir': 'C:\\Users\\lurch\\.dbt', 'use_colors': 'True', 'use_experimental_parser': 'False', 'empty': 'None', 'quiet': 'False', 'no_print': 'None', 'log_format': 'default', 'introspect': 'True', 'warn_error_options': 'WarnErrorOptions(include=[], exclude=[])', 'static_parser': 'True', 'target_path': 'None', 'invocation_command': 'dbt debug', 'send_anonymous_usage_stats': 'True'}
[0m20:39:53.232034 [info ] [MainThread]: dbt version: 1.8.5
[0m20:39:53.233036 [info ] [MainThread]: python version: 3.12.4
[0m20:39:53.233036 [info ] [MainThread]: python path: C:\Users\lurch\documents\Projeto-Commodities\.venv\Scripts\python.exe
[0m20:39:53.234035 [info ] [MainThread]: os info: Windows-11-10.0.22631-SP0
[0m20:39:53.312731 [info ] [MainThread]: Using profiles dir at C:\Users\lurch\.dbt
[0m20:39:53.313956 [info ] [MainThread]: Using profiles.yml file at C:\Users\lurch\.dbt\profiles.yml
[0m20:39:53.313956 [info ] [MainThread]: Using dbt_project.yml file at C:\Users\lurch\documents\Projeto-Commodities\commodities\dbt_project.yml
[0m20:39:53.317296 [info ] [MainThread]: adapter type: postgres
[0m20:39:53.317296 [info ] [MainThread]: adapter version: 1.8.2
[0m20:39:53.381781 [info ] [MainThread]: Configuration:
[0m20:39:53.382782 [info ] [MainThread]:   profiles.yml file [[32mOK found and valid[0m]
[0m20:39:53.383513 [info ] [MainThread]:   dbt_project.yml file [[32mOK found and valid[0m]
[0m20:39:53.383513 [info ] [MainThread]: Required dependencies:
[0m20:39:53.384530 [debug] [MainThread]: Executing "git --help"
[0m20:39:53.405652 [debug] [MainThread]: STDOUT: "b"usage: git [-v | --version] [-h | --help] [-C <path>] [-c <name>=<value>]\n           [--exec-path[=<path>]] [--html-path] [--man-path] [--info-path]\n           [-p | --paginate | -P | --no-pager] [--no-replace-objects] [--bare]\n           [--git-dir=<path>] [--work-tree=<path>] [--namespace=<name>]\n           [--config-env=<name>=<envvar>] <command> [<args>]\n\nThese are common Git commands used in various situations:\n\nstart a working area (see also: git help tutorial)\n   clone     Clone a repository into a new directory\n   init      Create an empty Git repository or reinitialize an existing one\n\nwork on the current change (see also: git help everyday)\n   add       Add file contents to the index\n   mv        Move or rename a file, a directory, or a symlink\n   restore   Restore working tree files\n   rm        Remove files from the working tree and from the index\n\nexamine the history and state (see also: git help revisions)\n   bisect    Use binary search to find the commit that introduced a bug\n   diff      Show changes between commits, commit and working tree, etc\n   grep      Print lines matching a pattern\n   log       Show commit logs\n   show      Show various types of objects\n   status    Show the working tree status\n\ngrow, mark and tweak your common history\n   branch    List, create, or delete branches\n   commit    Record changes to the repository\n   merge     Join two or more development histories together\n   rebase    Reapply commits on top of another base tip\n   reset     Reset current HEAD to the specified state\n   switch    Switch branches\n   tag       Create, list, delete or verify a tag object signed with GPG\n\ncollaborate (see also: git help workflows)\n   fetch     Download objects and refs from another repository\n   pull      Fetch from and integrate with another repository or a local branch\n   push      Update remote refs along with associated objects\n\n'git help -a' and 'git help -g' list available subcommands and some\nconcept guides. See 'git help <command>' or 'git help <concept>'\nto read about a specific subcommand or concept.\nSee 'git help git' for an overview of the system.\n""
[0m20:39:53.406652 [debug] [MainThread]: STDERR: "b''"
[0m20:39:53.406652 [info ] [MainThread]:  - git [[32mOK found[0m]

[0m20:39:53.407652 [info ] [MainThread]: Connection:
[0m20:39:53.407652 [info ] [MainThread]:   host: dpg-cqt7qoaj1k6c73bvbil0-a.oregon-postgres.render.com
[0m20:39:53.408652 [info ] [MainThread]:   port: 5432
[0m20:39:53.408652 [info ] [MainThread]:   user: postgres123
[0m20:39:53.408652 [info ] [MainThread]:   database: dbsales_17k0
[0m20:39:53.409653 [info ] [MainThread]:   schema: public
[0m20:39:53.409653 [info ] [MainThread]:   connect_timeout: 10
[0m20:39:53.410652 [info ] [MainThread]:   role: None
[0m20:39:53.410652 [info ] [MainThread]:   search_path: None
[0m20:39:53.410652 [info ] [MainThread]:   keepalives_idle: 0
[0m20:39:53.411653 [info ] [MainThread]:   sslmode: None
[0m20:39:53.411653 [info ] [MainThread]:   sslcert: None
[0m20:39:53.412652 [info ] [MainThread]:   sslkey: None
[0m20:39:53.412652 [info ] [MainThread]:   sslrootcert: None
[0m20:39:53.412652 [info ] [MainThread]:   application_name: dbt
[0m20:39:53.413652 [info ] [MainThread]:   retries: 1
[0m20:39:53.413652 [info ] [MainThread]: Registered adapter: postgres=1.8.2
[0m20:39:53.414653 [debug] [MainThread]: Acquiring new postgres connection 'debug'
[0m20:39:53.504313 [debug] [MainThread]: Using postgres connection "debug"
[0m20:39:53.504313 [debug] [MainThread]: On debug: select 1 as id
[0m20:39:53.505319 [debug] [MainThread]: Opening a new connection, currently in state init
[0m20:39:55.162709 [debug] [MainThread]: Postgres adapter: Got a retryable error when attempting to open a postgres connection.
1 attempts remaining. Retrying in 0 seconds.
Error:
connection to server at "dpg-cqt7qoaj1k6c73bvbil0-a.oregon-postgres.render.com" (35.227.164.209), port 5432 failed: FATAL:  password authentication failed for user "postgres123"
connection to server at "dpg-cqt7qoaj1k6c73bvbil0-a.oregon-postgres.render.com" (35.227.164.209), port 5432 failed: FATAL:  SSL/TLS required

[0m20:39:56.815032 [debug] [MainThread]: Postgres adapter: Error running SQL: select 1 as id
[0m20:39:56.816055 [debug] [MainThread]: Postgres adapter: Rolling back transaction.
[0m20:39:56.816055 [debug] [MainThread]: On debug: No close available on handle
[0m20:39:56.817599 [info ] [MainThread]:   Connection test: [[31mERROR[0m]

[0m20:39:56.818623 [info ] [MainThread]: [31m1 check failed:[0m
[0m20:39:56.818623 [info ] [MainThread]: dbt was unable to connect to the specified database.
The database returned the following error:

  >Database Error
  connection to server at "dpg-cqt7qoaj1k6c73bvbil0-a.oregon-postgres.render.com" (35.227.164.209), port 5432 failed: FATAL:  password authentication failed for user "postgres123"
  connection to server at "dpg-cqt7qoaj1k6c73bvbil0-a.oregon-postgres.render.com" (35.227.164.209), port 5432 failed: server closed the connection unexpectedly
  	This probably means the server terminated abnormally
  	before or while processing the request.
  

Check your database credentials and try again. For more information, visit:
https://docs.getdbt.com/docs/configure-your-profile


[0m20:39:56.820612 [debug] [MainThread]: Command `dbt debug` failed at 20:39:56.820612 after 3.75 seconds
[0m20:39:56.820612 [debug] [MainThread]: Connection 'debug' was properly closed.
[0m20:39:56.821798 [debug] [MainThread]: Sending event: {'category': 'dbt', 'action': 'invocation', 'label': 'end', 'context': [<snowplow_tracker.self_describing_json.SelfDescribingJson object at 0x000002696AD43980>, <snowplow_tracker.self_describing_json.SelfDescribingJson object at 0x000002696B95A2A0>, <snowplow_tracker.self_describing_json.SelfDescribingJson object at 0x000002696BE6C8C0>]}
[0m20:39:56.821798 [debug] [MainThread]: Flushing usage events
[0m20:45:28.767385 [debug] [MainThread]: Sending event: {'category': 'dbt', 'action': 'invocation', 'label': 'start', 'context': [<snowplow_tracker.self_describing_json.SelfDescribingJson object at 0x00000208BBB49070>, <snowplow_tracker.self_describing_json.SelfDescribingJson object at 0x00000208BEE77D70>, <snowplow_tracker.self_describing_json.SelfDescribingJson object at 0x00000208BEC7BB00>]}


============================== 20:45:28.770386 | 4bb6922c-a8e2-41c3-92ad-3cb58b82cf10 ==============================
[0m20:45:28.770386 [info ] [MainThread]: Running with dbt=1.8.5
[0m20:45:28.771386 [debug] [MainThread]: running dbt with arguments {'printer_width': '80', 'indirect_selection': 'eager', 'log_cache_events': 'False', 'write_json': 'True', 'partial_parse': 'True', 'cache_selected_only': 'False', 'warn_error': 'None', 'version_check': 'True', 'profiles_dir': 'C:\\Users\\lurch\\.dbt', 'log_path': 'C:\\Users\\lurch\\documents\\Projeto-Commodities\\commodities\\logs', 'fail_fast': 'False', 'debug': 'False', 'use_colors': 'True', 'use_experimental_parser': 'False', 'empty': 'None', 'quiet': 'False', 'no_print': 'None', 'log_format': 'default', 'static_parser': 'True', 'invocation_command': 'dbt debug', 'warn_error_options': 'WarnErrorOptions(include=[], exclude=[])', 'target_path': 'None', 'introspect': 'True', 'send_anonymous_usage_stats': 'True'}
[0m20:45:28.783531 [info ] [MainThread]: dbt version: 1.8.5
[0m20:45:28.783531 [info ] [MainThread]: python version: 3.12.4
[0m20:45:28.784530 [info ] [MainThread]: python path: C:\Users\lurch\documents\Projeto-Commodities\.venv\Scripts\python.exe
[0m20:45:28.785531 [info ] [MainThread]: os info: Windows-11-10.0.22631-SP0
[0m20:45:28.865401 [info ] [MainThread]: Using profiles dir at C:\Users\lurch\.dbt
[0m20:45:28.866451 [info ] [MainThread]: Using profiles.yml file at C:\Users\lurch\.dbt\profiles.yml
[0m20:45:28.866981 [info ] [MainThread]: Using dbt_project.yml file at C:\Users\lurch\documents\Projeto-Commodities\commodities\dbt_project.yml
[0m20:45:28.867990 [info ] [MainThread]: adapter type: postgres
[0m20:45:28.868715 [info ] [MainThread]: adapter version: 1.8.2
[0m20:45:28.933868 [info ] [MainThread]: Configuration:
[0m20:45:28.933868 [info ] [MainThread]:   profiles.yml file [[32mOK found and valid[0m]
[0m20:45:28.934870 [info ] [MainThread]:   dbt_project.yml file [[32mOK found and valid[0m]
[0m20:45:28.935869 [info ] [MainThread]: Required dependencies:
[0m20:45:28.935869 [debug] [MainThread]: Executing "git --help"
[0m20:45:28.953043 [debug] [MainThread]: STDOUT: "b"usage: git [-v | --version] [-h | --help] [-C <path>] [-c <name>=<value>]\n           [--exec-path[=<path>]] [--html-path] [--man-path] [--info-path]\n           [-p | --paginate | -P | --no-pager] [--no-replace-objects] [--bare]\n           [--git-dir=<path>] [--work-tree=<path>] [--namespace=<name>]\n           [--config-env=<name>=<envvar>] <command> [<args>]\n\nThese are common Git commands used in various situations:\n\nstart a working area (see also: git help tutorial)\n   clone     Clone a repository into a new directory\n   init      Create an empty Git repository or reinitialize an existing one\n\nwork on the current change (see also: git help everyday)\n   add       Add file contents to the index\n   mv        Move or rename a file, a directory, or a symlink\n   restore   Restore working tree files\n   rm        Remove files from the working tree and from the index\n\nexamine the history and state (see also: git help revisions)\n   bisect    Use binary search to find the commit that introduced a bug\n   diff      Show changes between commits, commit and working tree, etc\n   grep      Print lines matching a pattern\n   log       Show commit logs\n   show      Show various types of objects\n   status    Show the working tree status\n\ngrow, mark and tweak your common history\n   branch    List, create, or delete branches\n   commit    Record changes to the repository\n   merge     Join two or more development histories together\n   rebase    Reapply commits on top of another base tip\n   reset     Reset current HEAD to the specified state\n   switch    Switch branches\n   tag       Create, list, delete or verify a tag object signed with GPG\n\ncollaborate (see also: git help workflows)\n   fetch     Download objects and refs from another repository\n   pull      Fetch from and integrate with another repository or a local branch\n   push      Update remote refs along with associated objects\n\n'git help -a' and 'git help -g' list available subcommands and some\nconcept guides. See 'git help <command>' or 'git help <concept>'\nto read about a specific subcommand or concept.\nSee 'git help git' for an overview of the system.\n""
[0m20:45:28.953043 [debug] [MainThread]: STDERR: "b''"
[0m20:45:28.954044 [info ] [MainThread]:  - git [[32mOK found[0m]

[0m20:45:28.954044 [info ] [MainThread]: Connection:
[0m20:45:28.955042 [info ] [MainThread]:   host: dpg-cqt7qoaj1k6c73bvbil0-a.oregon-postgres.render.com
[0m20:45:28.955042 [info ] [MainThread]:   port: 5432
[0m20:45:28.956042 [info ] [MainThread]:   user: postgres123
[0m20:45:28.956042 [info ] [MainThread]:   database: dbsales_17k0
[0m20:45:28.956042 [info ] [MainThread]:   schema: public
[0m20:45:28.957043 [info ] [MainThread]:   connect_timeout: 10
[0m20:45:28.957043 [info ] [MainThread]:   role: None
[0m20:45:28.958043 [info ] [MainThread]:   search_path: None
[0m20:45:28.958043 [info ] [MainThread]:   keepalives_idle: 0
[0m20:45:28.959043 [info ] [MainThread]:   sslmode: None
[0m20:45:28.959043 [info ] [MainThread]:   sslcert: None
[0m20:45:28.959043 [info ] [MainThread]:   sslkey: None
[0m20:45:28.960043 [info ] [MainThread]:   sslrootcert: None
[0m20:45:28.960043 [info ] [MainThread]:   application_name: dbt
[0m20:45:28.961042 [info ] [MainThread]:   retries: 1
[0m20:45:28.961042 [info ] [MainThread]: Registered adapter: postgres=1.8.2
[0m20:45:28.962044 [debug] [MainThread]: Acquiring new postgres connection 'debug'
[0m20:45:29.027008 [debug] [MainThread]: Using postgres connection "debug"
[0m20:45:29.028010 [debug] [MainThread]: On debug: select 1 as id
[0m20:45:29.028010 [debug] [MainThread]: Opening a new connection, currently in state init
[0m20:45:30.753539 [debug] [MainThread]: SQL status: SELECT 1 in 1.725 seconds
[0m20:45:30.754538 [debug] [MainThread]: On debug: Close
[0m20:45:30.754538 [info ] [MainThread]:   Connection test: [[32mOK connection ok[0m]

[0m20:45:30.755538 [info ] [MainThread]: [32mAll checks passed![0m
[0m20:45:30.756538 [debug] [MainThread]: Command `dbt debug` succeeded at 20:45:30.756538 after 2.13 seconds
[0m20:45:30.756538 [debug] [MainThread]: Connection 'debug' was properly closed.
[0m20:45:30.757538 [debug] [MainThread]: Sending event: {'category': 'dbt', 'action': 'invocation', 'label': 'end', 'context': [<snowplow_tracker.self_describing_json.SelfDescribingJson object at 0x00000208BF45B320>, <snowplow_tracker.self_describing_json.SelfDescribingJson object at 0x00000208BF6D9B20>, <snowplow_tracker.self_describing_json.SelfDescribingJson object at 0x00000208BEB4B2C0>]}
[0m20:45:30.757538 [debug] [MainThread]: Flushing usage events
